<?xml version="1.0" encoding="UTF-8"?>
<!-- Generated by org.testng.reporters.JUnitReportReporter -->
<testsuite hostname="DESKTOP-5O0L57N" failures="0" tests="1" name="com.orange.hrm.copy1.test.test1" time="13.661" errors="0" timestamp="2023-10-30T15:09:15 IST" skipped="0">
  <testcase classname="com.orange.hrm.copy1.test.test1" name="tc01" time="13.661"/>
  <system-out/>
</testsuite> <!-- com.orange.hrm.copy1.test.test1 -->
